app/build/intermediates/manifest_merge_blame_file/debug/manifest-merger-blame-debug-report.txt
1<?xml version="1.0" encoding="utf-8"?>
2<manifest xmlns:android="http://schemas.android.com/apk/res/android"
3    package="com.cs360.simplestocks"
4    android:versionCode="1"
5    android:versionName="1.0" >
6
7    <uses-sdk
8        android:minSdkVersion="22"
8-->src/main/AndroidManifest.xml
9        android:targetSdkVersion="29" />
9-->src/main/AndroidManifest.xml
10    <!-- Declaring the required permissions -->
11    <uses-permission android:name="android.permission.INTERNET" />
11-->src/main/AndroidManifest.xml:6:5-67
11-->src/main/AndroidManifest.xml:6:22-64
12    <uses-permission android:name="android.permission.ACCESS_NETWORK_STATE" />
12-->src/main/AndroidManifest.xml:7:5-79
12-->src/main/AndroidManifest.xml:7:22-76
13    <uses-permission android:name="android.permission.READ_EXTERNAL_STORAGE" />
13-->src/main/AndroidManifest.xml:8:5-80
13-->src/main/AndroidManifest.xml:8:22-77
14    <uses-permission android:name="android.permission.WRITE_EXTERNAL_STORAGE" />
14-->src/main/AndroidManifest.xml:9:5-81
14-->src/main/AndroidManifest.xml:9:22-78
15
16    <application
16-->src/main/AndroidManifest.xml:11:5-56:19
17        android:allowBackup="true"
17-->src/main/AndroidManifest.xml:12:9-35
18        android:appComponentFactory="androidx.core.app.CoreComponentFactory"
18-->[androidx.core:core:1.1.0] AndroidManifest.xml:24:18-86
19        android:debuggable="true"
20        android:fullBackupContent="@xml/backup_descriptor"
20-->src/main/AndroidManifest.xml:13:9-59
21        android:icon="@mipmap/simple_stocks_logo"
21-->src/main/AndroidManifest.xml:14:9-50
22        android:label="@string/app_name"
22-->src/main/AndroidManifest.xml:15:9-41
23        android:supportsRtl="true"
23-->src/main/AndroidManifest.xml:16:9-35
24        android:testOnly="true"
25        android:theme="@style/AppTheme" >
25-->src/main/AndroidManifest.xml:17:9-40
26        <activity
26-->src/main/AndroidManifest.xml:19:9-21:63
27            android:name="com.cs360.simplestocks.activities.HomepageActivity"
27-->src/main/AndroidManifest.xml:20:13-78
28            android:label="@string/title_activity_homepage" />
28-->src/main/AndroidManifest.xml:21:13-60
29        <activity android:name="com.cs360.simplestocks.activities.SplashActivity" >
29-->src/main/AndroidManifest.xml:22:9-28:20
29-->src/main/AndroidManifest.xml:22:19-82
30            <intent-filter>
30-->src/main/AndroidManifest.xml:23:13-27:29
31                <action android:name="android.intent.action.MAIN" />
31-->src/main/AndroidManifest.xml:24:17-69
31-->src/main/AndroidManifest.xml:24:25-66
32
33                <category android:name="android.intent.category.LAUNCHER" />
33-->src/main/AndroidManifest.xml:26:17-77
33-->src/main/AndroidManifest.xml:26:27-74
34            </intent-filter>
35        </activity>
36        <activity
36-->src/main/AndroidManifest.xml:29:9-32:50
37            android:name="com.cs360.simplestocks.activities.LoginActivities.LoginActivity"
37-->src/main/AndroidManifest.xml:30:13-91
38            android:screenOrientation="portrait" />
38-->src/main/AndroidManifest.xml:31:13-49
39        <activity
39-->src/main/AndroidManifest.xml:33:9-35:52
40            android:name="com.cs360.simplestocks.activities.RegisterActivity"
40-->src/main/AndroidManifest.xml:34:13-78
41            android:screenOrientation="portrait" />
41-->src/main/AndroidManifest.xml:35:13-49
42        <activity
42-->src/main/AndroidManifest.xml:36:9-38:52
43            android:name="com.cs360.simplestocks.activities.UsersListActivity"
43-->src/main/AndroidManifest.xml:37:13-79
44            android:screenOrientation="portrait" />
44-->src/main/AndroidManifest.xml:38:13-49
45        <activity android:name="com.cs360.simplestocks.activities.ContactUsActivity" >
45-->src/main/AndroidManifest.xml:39:9-51:20
45-->src/main/AndroidManifest.xml:39:19-85
46            <intent-filter>
46-->src/main/AndroidManifest.xml:40:13-50:29
47                <action android:name="android.intent.action.ContactUseActivity" />
47-->src/main/AndroidManifest.xml:41:17-83
47-->src/main/AndroidManifest.xml:41:25-80
48
49                <category android:name="android.intent.category.LAUNCHER" />
49-->src/main/AndroidManifest.xml:26:17-77
49-->src/main/AndroidManifest.xml:26:27-74
50
51                <action android:name="android.intent.action.SEND" />
51-->src/main/AndroidManifest.xml:45:17-69
51-->src/main/AndroidManifest.xml:45:25-66
52
53                <category android:name="android.intent.category.DEFAULT" />
53-->src/main/AndroidManifest.xml:47:17-76
53-->src/main/AndroidManifest.xml:47:27-73
54
55                <data android:mimeType="message/rfc822" />
55-->src/main/AndroidManifest.xml:49:17-59
55-->src/main/AndroidManifest.xml:49:23-56
56            </intent-filter>
57        </activity>
58
59        <meta-data
59-->src/main/AndroidManifest.xml:53:9-55:57
60            android:name="preloaded_fonts"
60-->src/main/AndroidManifest.xml:54:13-43
61            android:resource="@array/preloaded_fonts" />
61-->src/main/AndroidManifest.xml:55:13-54
62
63        <activity
63-->[com.google.firebase:firebase-auth:19.2.0] AndroidManifest.xml:24:9-31:50
64            android:name="com.google.firebase.auth.internal.FederatedSignInActivity"
64-->[com.google.firebase:firebase-auth:19.2.0] AndroidManifest.xml:25:13-85
65            android:excludeFromRecents="true"
65-->[com.google.firebase:firebase-auth:19.2.0] AndroidManifest.xml:26:13-46
66            android:exported="true"
66-->[com.google.firebase:firebase-auth:19.2.0] AndroidManifest.xml:27:13-36
67            android:launchMode="singleTask"
67-->[com.google.firebase:firebase-auth:19.2.0] AndroidManifest.xml:28:13-44
68            android:permission="com.google.firebase.auth.api.gms.permission.LAUNCH_FEDERATED_SIGN_IN"
68-->[com.google.firebase:firebase-auth:19.2.0] AndroidManifest.xml:29:13-102
69            android:theme="@android:style/Theme.Translucent.NoTitleBar" />
69-->[com.google.firebase:firebase-auth:19.2.0] AndroidManifest.xml:30:13-72
70
71        <service
71-->[com.google.firebase:firebase-auth:19.2.0] AndroidManifest.xml:33:9-39:19
72            android:name="com.google.firebase.components.ComponentDiscoveryService"
72-->[com.google.firebase:firebase-auth:19.2.0] AndroidManifest.xml:34:13-84
73            android:directBootAware="true"
73-->[com.google.firebase:firebase-common:19.3.0] AndroidManifest.xml:34:13-43
74            android:exported="false" >
74-->[com.google.firebase:firebase-auth:19.2.0] AndroidManifest.xml:35:13-37
75            <meta-data
75-->[com.google.firebase:firebase-auth:19.2.0] AndroidManifest.xml:36:13-38:85
76                android:name="com.google.firebase.components:com.google.firebase.auth.FirebaseAuthRegistrar"
76-->[com.google.firebase:firebase-auth:19.2.0] AndroidManifest.xml:37:17-109
77                android:value="com.google.firebase.components.ComponentRegistrar" />
77-->[com.google.firebase:firebase-auth:19.2.0] AndroidManifest.xml:38:17-82
78        </service>
79
80        <activity
80-->[com.google.android.gms:play-services-auth:17.0.0] AndroidManifest.xml:23:9-27:75
81            android:name="com.google.android.gms.auth.api.signin.internal.SignInHubActivity"
81-->[com.google.android.gms:play-services-auth:17.0.0] AndroidManifest.xml:24:13-93
82            android:excludeFromRecents="true"
82-->[com.google.android.gms:play-services-auth:17.0.0] AndroidManifest.xml:25:13-46
83            android:exported="false"
83-->[com.google.android.gms:play-services-auth:17.0.0] AndroidManifest.xml:26:13-37
84            android:theme="@android:style/Theme.Translucent.NoTitleBar" />
84-->[com.google.android.gms:play-services-auth:17.0.0] AndroidManifest.xml:27:13-72
85        <!--
86            Service handling Google Sign-In user revocation. For apps that do not integrate with
87            Google Sign-In, this service will never be started.
88        -->
89        <service
89-->[com.google.android.gms:play-services-auth:17.0.0] AndroidManifest.xml:33:9-36:110
90            android:name="com.google.android.gms.auth.api.signin.RevocationBoundService"
90-->[com.google.android.gms:play-services-auth:17.0.0] AndroidManifest.xml:34:13-89
91            android:exported="true"
91-->[com.google.android.gms:play-services-auth:17.0.0] AndroidManifest.xml:35:13-36
92            android:permission="com.google.android.gms.auth.api.signin.permission.REVOCATION_NOTIFICATION" />
92-->[com.google.android.gms:play-services-auth:17.0.0] AndroidManifest.xml:36:13-107
93
94        <provider
94-->[com.google.firebase:firebase-common:19.3.0] AndroidManifest.xml:26:9-30:39
95            android:name="com.google.firebase.provider.FirebaseInitProvider"
95-->[com.google.firebase:firebase-common:19.3.0] AndroidManifest.xml:27:13-77
96            android:authorities="com.cs360.simplestocks.firebaseinitprovider"
96-->[com.google.firebase:firebase-common:19.3.0] AndroidManifest.xml:28:13-72
97            android:exported="false"
97-->[com.google.firebase:firebase-common:19.3.0] AndroidManifest.xml:29:13-37
98            android:initOrder="100" />
98-->[com.google.firebase:firebase-common:19.3.0] AndroidManifest.xml:30:13-36
99
100        <activity
100-->[com.google.android.gms:play-services-base:17.1.0] AndroidManifest.xml:23:9-26:75
101            android:name="com.google.android.gms.common.api.GoogleApiActivity"
101-->[com.google.android.gms:play-services-base:17.1.0] AndroidManifest.xml:24:13-79
102            android:exported="false"
102-->[com.google.android.gms:play-services-base:17.1.0] AndroidManifest.xml:25:13-37
103            android:theme="@android:style/Theme.Translucent.NoTitleBar" />
103-->[com.google.android.gms:play-services-base:17.1.0] AndroidManifest.xml:26:13-72
104
105        <meta-data
105-->[com.google.android.gms:play-services-basement:17.0.0] AndroidManifest.xml:23:9-25:69
106            android:name="com.google.android.gms.version"
106-->[com.google.android.gms:play-services-basement:17.0.0] AndroidManifest.xml:24:13-58
107            android:value="@integer/google_play_services_version" />
107-->[com.google.android.gms:play-services-basement:17.0.0] AndroidManifest.xml:25:13-66
108
109        <provider
109-->[androidx.lifecycle:lifecycle-process:2.1.0] AndroidManifest.xml:23:9-27:43
110            android:name="androidx.lifecycle.ProcessLifecycleOwnerInitializer"
110-->[androidx.lifecycle:lifecycle-process:2.1.0] AndroidManifest.xml:24:13-79
111            android:authorities="com.cs360.simplestocks.lifecycle-process"
111-->[androidx.lifecycle:lifecycle-process:2.1.0] AndroidManifest.xml:25:13-69
112            android:exported="false"
112-->[androidx.lifecycle:lifecycle-process:2.1.0] AndroidManifest.xml:26:13-37
113            android:multiprocess="true" />
113-->[androidx.lifecycle:lifecycle-process:2.1.0] AndroidManifest.xml:27:13-40
114    </application>
115
116</manifest>